This file contains any messages produced by compilers while
running configure, to aid debugging if configure makes a mistake.

It was created by configure, which was
generated by GNU Autoconf 2.61.  Invocation command line was

  $ ./configure --host=i586-mingw32msvc SDL_CFLAGS=-I/home/revol/devel/caloric/caloric/../SDL-1.2.13/include SDL_LIBS=-L/home/revol/devel/caloric/caloric/../SDL-1.2.13/lib -lmingw32 -lSDLmain -lSDL -mwindows -mconsole --prefix=c:/Program Files/Caloric host_alias=i586-mingw32msvc --no-create --no-recursion

## --------- ##
## Platform. ##
## --------- ##

hostname = H555
uname -m = i686
uname -r = 2.6.18-6-686
uname -s = Linux
uname -v = #1 SMP Thu May 8 07:34:27 UTC 2008

/usr/bin/uname -p = unknown
/bin/uname -X     = unknown

/bin/arch              = i686
/usr/bin/arch -k       = unknown
/usr/convex/getsysinfo = unknown
/usr/bin/hostinfo      = unknown
/bin/machine           = unknown
/usr/bin/oslevel       = unknown
/bin/universe          = unknown

PATH: /home/revol/bin
PATH: /usr/local/bin
PATH: /usr/bin
PATH: /bin
PATH: /usr/games
PATH: ~/bin
PATH: ~/bin


## ----------- ##
## Core tests. ##
## ----------- ##

configure:2002: checking build system type
configure:2020: result: i686-pc-linux-gnu
configure:2042: checking host system type
configure:2057: result: i586-pc-mingw32msvc
configure:2079: checking target system type
configure:2094: result: i586-pc-mingw32msvc
configure:2137: checking for a BSD-compatible install
configure:2193: result: /usr/bin/install -c
configure:2204: checking whether build environment is sane
configure:2247: result: yes
configure:2312: checking for gawk
configure:2328: found /usr/bin/gawk
configure:2339: result: gawk
configure:2350: checking whether make sets $(MAKE)
configure:2371: result: yes
configure:2447: checking for i586-mingw32msvc-strip
configure:2463: found /usr/bin/i586-mingw32msvc-strip
configure:2474: result: i586-mingw32msvc-strip
configure:2572: checking for style of include used by make
configure:2600: result: GNU
configure:2633: checking for i586-mingw32msvc-gcc
configure:2649: found /usr/bin/i586-mingw32msvc-gcc
configure:2660: result: i586-mingw32msvc-gcc
configure:2938: checking for C compiler version
configure:2945: i586-mingw32msvc-gcc --version >&5
i586-mingw32msvc-gcc (GCC) 3.4.5 (mingw special)
Copyright (C) 2004 Free Software Foundation, Inc.
This is free software; see the source for copying conditions.  There is NO
warranty; not even for MERCHANTABILITY or FITNESS FOR A PARTICULAR PURPOSE.

configure:2948: $? = 0
configure:2955: i586-mingw32msvc-gcc -v >&5
Reading specs from /usr/lib/gcc/i586-mingw32msvc/3.4.5/specs
Configured with: /build/buildd/mingw32-3.4.5.20060117.1.dfsg/build_dir/src/gcc-3.4.5-20060117-1-dfsg/configure -v --prefix=/usr --target=i586-mingw32msvc --enable-languages=c,c++ --enable-threads --enable-sjlj-exceptions --disable-multilib --enable-version-specific-runtime-libs
Thread model: win32
gcc version 3.4.5 (mingw special)
configure:2958: $? = 0
configure:2965: i586-mingw32msvc-gcc -V >&5
i586-mingw32msvc-gcc: `-V' option must have argument
configure:2968: $? = 1
configure:2991: checking for C compiler default output file name
configure:3018: i586-mingw32msvc-gcc    conftest.c  >&5
configure:3021: $? = 0
configure:3059: result: a.exe
configure:3076: checking whether the C compiler works
configure:3086: ./a.exe
./configure: line 3087: ./a.exe: cannot execute binary file
configure:3089: $? = 126
configure:3106: result: yes
configure:3113: checking whether we are cross compiling
configure:3115: result: yes
configure:3118: checking for suffix of executables
configure:3125: i586-mingw32msvc-gcc -o conftest.exe    conftest.c  >&5
configure:3128: $? = 0
configure:3152: result: .exe
configure:3158: checking for suffix of object files
configure:3184: i586-mingw32msvc-gcc -c   conftest.c >&5
configure:3187: $? = 0
configure:3210: result: o
configure:3214: checking whether we are using the GNU C compiler
configure:3243: i586-mingw32msvc-gcc -c   conftest.c >&5
configure:3249: $? = 0
configure:3266: result: yes
configure:3271: checking whether i586-mingw32msvc-gcc accepts -g
configure:3301: i586-mingw32msvc-gcc -c -g  conftest.c >&5
configure:3307: $? = 0
configure:3406: result: yes
configure:3423: checking for i586-mingw32msvc-gcc option to accept ISO C89
configure:3497: i586-mingw32msvc-gcc  -c -g -O2  conftest.c >&5
configure:3503: $? = 0
configure:3526: result: none needed
configure:3546: checking dependency style of i586-mingw32msvc-gcc
configure:3636: result: gcc3
configure:3654: checking whether i586-mingw32msvc-gcc and cc understand -c and -o together
configure:3689: i586-mingw32msvc-gcc -c conftest.c -o conftest2.o >&5
configure:3692: $? = 0
configure:3698: i586-mingw32msvc-gcc -c conftest.c -o conftest2.o >&5
configure:3701: $? = 0
configure:3712: cc -c conftest.c >&5
configure:3715: $? = 0
configure:3723: cc -c conftest.c -o conftest2.o >&5
configure:3726: $? = 0
configure:3732: cc -c conftest.c -o conftest2.o >&5
configure:3735: $? = 0
configure:3753: result: yes
configure:3783: checking how to run the C preprocessor
configure:3823: i586-mingw32msvc-gcc -E  conftest.c
configure:3829: $? = 0
configure:3860: i586-mingw32msvc-gcc -E  conftest.c
conftest.c:10:28: ac_nonexistent.h: No such file or directory
configure:3866: $? = 1
configure: failed program was:
| /* confdefs.h.  */
| #define PACKAGE_NAME ""
| #define PACKAGE_TARNAME ""
| #define PACKAGE_VERSION ""
| #define PACKAGE_STRING ""
| #define PACKAGE_BUGREPORT ""
| #define PACKAGE "caloric"
| #define VERSION "0.1"
| /* end confdefs.h.  */
| #include <ac_nonexistent.h>
configure:3899: result: i586-mingw32msvc-gcc -E
configure:3928: i586-mingw32msvc-gcc -E  conftest.c
configure:3934: $? = 0
configure:3965: i586-mingw32msvc-gcc -E  conftest.c
conftest.c:10:28: ac_nonexistent.h: No such file or directory
configure:3971: $? = 1
configure: failed program was:
| /* confdefs.h.  */
| #define PACKAGE_NAME ""
| #define PACKAGE_TARNAME ""
| #define PACKAGE_VERSION ""
| #define PACKAGE_STRING ""
| #define PACKAGE_BUGREPORT ""
| #define PACKAGE "caloric"
| #define VERSION "0.1"
| /* end confdefs.h.  */
| #include <ac_nonexistent.h>
configure:4022: checking for i586-mingw32msvc-g++
configure:4038: found /usr/bin/i586-mingw32msvc-g++
configure:4049: result: i586-mingw32msvc-g++
configure:4124: checking for C++ compiler version
configure:4131: i586-mingw32msvc-g++ --version >&5
i586-mingw32msvc-g++ (GCC) 3.4.5 (mingw special)
Copyright (C) 2004 Free Software Foundation, Inc.
This is free software; see the source for copying conditions.  There is NO
warranty; not even for MERCHANTABILITY or FITNESS FOR A PARTICULAR PURPOSE.

configure:4134: $? = 0
configure:4141: i586-mingw32msvc-g++ -v >&5
Reading specs from /usr/lib/gcc/i586-mingw32msvc/3.4.5/specs
Configured with: /build/buildd/mingw32-3.4.5.20060117.1.dfsg/build_dir/src/gcc-3.4.5-20060117-1-dfsg/configure -v --prefix=/usr --target=i586-mingw32msvc --enable-languages=c,c++ --enable-threads --enable-sjlj-exceptions --disable-multilib --enable-version-specific-runtime-libs
Thread model: win32
gcc version 3.4.5 (mingw special)
configure:4144: $? = 0
configure:4151: i586-mingw32msvc-g++ -V >&5
i586-mingw32msvc-g++: `-V' option must have argument
configure:4154: $? = 1
configure:4157: checking whether we are using the GNU C++ compiler
configure:4186: i586-mingw32msvc-g++ -c   conftest.cpp >&5
configure:4192: $? = 0
configure:4209: result: yes
configure:4214: checking whether i586-mingw32msvc-g++ accepts -g
configure:4244: i586-mingw32msvc-g++ -c -g  conftest.cpp >&5
configure:4250: $? = 0
configure:4349: result: yes
configure:4374: checking dependency style of i586-mingw32msvc-g++
configure:4464: result: gcc3
configure:4486: checking how to run the C++ preprocessor
configure:4522: i586-mingw32msvc-g++ -E  conftest.cpp
configure:4528: $? = 0
configure:4559: i586-mingw32msvc-g++ -E  conftest.cpp
conftest.cpp:10:28: ac_nonexistent.h: No such file or directory
configure:4565: $? = 1
configure: failed program was:
| /* confdefs.h.  */
| #define PACKAGE_NAME ""
| #define PACKAGE_TARNAME ""
| #define PACKAGE_VERSION ""
| #define PACKAGE_STRING ""
| #define PACKAGE_BUGREPORT ""
| #define PACKAGE "caloric"
| #define VERSION "0.1"
| /* end confdefs.h.  */
| #include <ac_nonexistent.h>
configure:4598: result: i586-mingw32msvc-g++ -E
configure:4627: i586-mingw32msvc-g++ -E  conftest.cpp
configure:4633: $? = 0
configure:4664: i586-mingw32msvc-g++ -E  conftest.cpp
conftest.cpp:10:28: ac_nonexistent.h: No such file or directory
configure:4670: $? = 1
configure: failed program was:
| /* confdefs.h.  */
| #define PACKAGE_NAME ""
| #define PACKAGE_TARNAME ""
| #define PACKAGE_VERSION ""
| #define PACKAGE_STRING ""
| #define PACKAGE_BUGREPORT ""
| #define PACKAGE "caloric"
| #define VERSION "0.1"
| /* end confdefs.h.  */
| #include <ac_nonexistent.h>
configure:4710: checking dependency style of 
configure:4800: result: none
configure:4902: checking for a sed that does not truncate output
configure:4956: result: /bin/sed
configure:4959: checking for grep that handles long lines and -e
configure:5033: result: /bin/grep
configure:5038: checking for egrep
configure:5116: result: /bin/grep -E
configure:5132: checking for ld used by i586-mingw32msvc-gcc
configure:5199: result: /usr/i586-mingw32msvc/bin/ld
configure:5208: checking if the linker (/usr/i586-mingw32msvc/bin/ld) is GNU ld
configure:5223: result: yes
configure:5228: checking for /usr/i586-mingw32msvc/bin/ld option to reload object files
configure:5235: result: -r
configure:5253: checking for BSD-compatible nm
configure:5302: result: /usr/bin/i586-mingw32msvc-nm -B
configure:5306: checking whether ln -s works
configure:5310: result: yes
configure:5317: checking how to recognise dependent libraries
configure:5493: result: file_magic file format pei*-i386(.*architecture: i386)?
configure:5720: checking for i586-mingw32msvc-dlltool
configure:5736: found /usr/bin/i586-mingw32msvc-dlltool
configure:5747: result: i586-mingw32msvc-dlltool
configure:5816: checking for i586-mingw32msvc-as
configure:5832: found /usr/bin/i586-mingw32msvc-as
configure:5843: result: i586-mingw32msvc-as
configure:5912: checking for i586-mingw32msvc-objdump
configure:5928: found /usr/bin/i586-mingw32msvc-objdump
configure:5939: result: i586-mingw32msvc-objdump
configure:6013: checking for ANSI C header files
configure:6043: i586-mingw32msvc-gcc -c -g -O2  conftest.c >&5
configure:6049: $? = 0
configure:6177: result: yes
configure:6201: checking for sys/types.h
configure:6222: i586-mingw32msvc-gcc -c -g -O2  conftest.c >&5
configure:6228: $? = 0
configure:6244: result: yes
configure:6201: checking for sys/stat.h
configure:6222: i586-mingw32msvc-gcc -c -g -O2  conftest.c >&5
configure:6228: $? = 0
configure:6244: result: yes
configure:6201: checking for stdlib.h
configure:6222: i586-mingw32msvc-gcc -c -g -O2  conftest.c >&5
configure:6228: $? = 0
configure:6244: result: yes
configure:6201: checking for string.h
configure:6222: i586-mingw32msvc-gcc -c -g -O2  conftest.c >&5
configure:6228: $? = 0
configure:6244: result: yes
configure:6201: checking for memory.h
configure:6222: i586-mingw32msvc-gcc -c -g -O2  conftest.c >&5
configure:6228: $? = 0
configure:6244: result: yes
configure:6201: checking for strings.h
configure:6222: i586-mingw32msvc-gcc -c -g -O2  conftest.c >&5
configure:6228: $? = 0
configure:6244: result: yes
configure:6201: checking for inttypes.h
configure:6222: i586-mingw32msvc-gcc -c -g -O2  conftest.c >&5
configure:6228: $? = 0
configure:6244: result: yes
configure:6201: checking for stdint.h
configure:6222: i586-mingw32msvc-gcc -c -g -O2  conftest.c >&5
configure:6228: $? = 0
configure:6244: result: yes
configure:6201: checking for unistd.h
configure:6222: i586-mingw32msvc-gcc -c -g -O2  conftest.c >&5
configure:6228: $? = 0
configure:6244: result: yes
configure:6271: checking dlfcn.h usability
configure:6288: i586-mingw32msvc-gcc -c -g -O2  conftest.c >&5
conftest.c:53:19: dlfcn.h: No such file or directory
configure:6294: $? = 1
configure: failed program was:
| /* confdefs.h.  */
| #define PACKAGE_NAME ""
| #define PACKAGE_TARNAME ""
| #define PACKAGE_VERSION ""
| #define PACKAGE_STRING ""
| #define PACKAGE_BUGREPORT ""
| #define PACKAGE "caloric"
| #define VERSION "0.1"
| #define STDC_HEADERS 1
| #define HAVE_SYS_TYPES_H 1
| #define HAVE_SYS_STAT_H 1
| #define HAVE_STDLIB_H 1
| #define HAVE_STRING_H 1
| #define HAVE_MEMORY_H 1
| #define HAVE_STRINGS_H 1
| #define HAVE_INTTYPES_H 1
| #define HAVE_STDINT_H 1
| #define HAVE_UNISTD_H 1
| /* end confdefs.h.  */
| #include <stdio.h>
| #ifdef HAVE_SYS_TYPES_H
| # include <sys/types.h>
| #endif
| #ifdef HAVE_SYS_STAT_H
| # include <sys/stat.h>
| #endif
| #ifdef STDC_HEADERS
| # include <stdlib.h>
| # include <stddef.h>
| #else
| # ifdef HAVE_STDLIB_H
| #  include <stdlib.h>
| # endif
| #endif
| #ifdef HAVE_STRING_H
| # if !defined STDC_HEADERS && defined HAVE_MEMORY_H
| #  include <memory.h>
| # endif
| # include <string.h>
| #endif
| #ifdef HAVE_STRINGS_H
| # include <strings.h>
| #endif
| #ifdef HAVE_INTTYPES_H
| # include <inttypes.h>
| #endif
| #ifdef HAVE_STDINT_H
| # include <stdint.h>
| #endif
| #ifdef HAVE_UNISTD_H
| # include <unistd.h>
| #endif
| #include <dlfcn.h>
configure:6308: result: no
configure:6312: checking dlfcn.h presence
configure:6327: i586-mingw32msvc-gcc -E  conftest.c
conftest.c:20:19: dlfcn.h: No such file or directory
configure:6333: $? = 1
configure: failed program was:
| /* confdefs.h.  */
| #define PACKAGE_NAME ""
| #define PACKAGE_TARNAME ""
| #define PACKAGE_VERSION ""
| #define PACKAGE_STRING ""
| #define PACKAGE_BUGREPORT ""
| #define PACKAGE "caloric"
| #define VERSION "0.1"
| #define STDC_HEADERS 1
| #define HAVE_SYS_TYPES_H 1
| #define HAVE_SYS_STAT_H 1
| #define HAVE_STDLIB_H 1
| #define HAVE_STRING_H 1
| #define HAVE_MEMORY_H 1
| #define HAVE_STRINGS_H 1
| #define HAVE_INTTYPES_H 1
| #define HAVE_STDINT_H 1
| #define HAVE_UNISTD_H 1
| /* end confdefs.h.  */
| #include <dlfcn.h>
configure:6347: result: no
configure:6375: checking for dlfcn.h
configure:6383: result: no
configure:6406: checking how to run the C++ preprocessor
configure:6518: result: i586-mingw32msvc-g++ -E
configure:6547: i586-mingw32msvc-g++ -E  conftest.cpp
configure:6553: $? = 0
configure:6584: i586-mingw32msvc-g++ -E  conftest.cpp
conftest.cpp:20:28: ac_nonexistent.h: No such file or directory
configure:6590: $? = 1
configure: failed program was:
| /* confdefs.h.  */
| #define PACKAGE_NAME ""
| #define PACKAGE_TARNAME ""
| #define PACKAGE_VERSION ""
| #define PACKAGE_STRING ""
| #define PACKAGE_BUGREPORT ""
| #define PACKAGE "caloric"
| #define VERSION "0.1"
| #define STDC_HEADERS 1
| #define HAVE_SYS_TYPES_H 1
| #define HAVE_SYS_STAT_H 1
| #define HAVE_STDLIB_H 1
| #define HAVE_STRING_H 1
| #define HAVE_MEMORY_H 1
| #define HAVE_STRINGS_H 1
| #define HAVE_INTTYPES_H 1
| #define HAVE_STDINT_H 1
| #define HAVE_UNISTD_H 1
| /* end confdefs.h.  */
| #include <ac_nonexistent.h>
configure:6639: checking for i586-mingw32msvc-g77
configure:6669: result: no
configure:6639: checking for i586-mingw32msvc-xlf
configure:6669: result: no
configure:6639: checking for i586-mingw32msvc-f77
configure:6669: result: no
configure:6639: checking for i586-mingw32msvc-frt
configure:6669: result: no
configure:6639: checking for i586-mingw32msvc-pgf77
configure:6669: result: no
configure:6639: checking for i586-mingw32msvc-cf77
configure:6669: result: no
configure:6639: checking for i586-mingw32msvc-fort77
configure:6669: result: no
configure:6639: checking for i586-mingw32msvc-fl32
configure:6669: result: no
configure:6639: checking for i586-mingw32msvc-af77
configure:6669: result: no
configure:6639: checking for i586-mingw32msvc-xlf90
configure:6669: result: no
configure:6639: checking for i586-mingw32msvc-f90
configure:6669: result: no
configure:6639: checking for i586-mingw32msvc-pgf90
configure:6669: result: no
configure:6639: checking for i586-mingw32msvc-pghpf
configure:6669: result: no
configure:6639: checking for i586-mingw32msvc-epcf90
configure:6669: result: no
configure:6639: checking for i586-mingw32msvc-gfortran
configure:6669: result: no
configure:6639: checking for i586-mingw32msvc-g95
configure:6669: result: no
configure:6639: checking for i586-mingw32msvc-xlf95
configure:6669: result: no
configure:6639: checking for i586-mingw32msvc-f95
configure:6669: result: no
configure:6639: checking for i586-mingw32msvc-fort
configure:6669: result: no
configure:6639: checking for i586-mingw32msvc-ifort
configure:6669: result: no
configure:6639: checking for i586-mingw32msvc-ifc
configure:6669: result: no
configure:6639: checking for i586-mingw32msvc-efc
configure:6669: result: no
configure:6639: checking for i586-mingw32msvc-pgf95
configure:6669: result: no
configure:6639: checking for i586-mingw32msvc-lf95
configure:6669: result: no
configure:6639: checking for i586-mingw32msvc-ftn
configure:6669: result: no
configure:6683: checking for g77
configure:6713: result: no
configure:6683: checking for xlf
configure:6713: result: no
configure:6683: checking for f77
configure:6713: result: no
configure:6683: checking for frt
configure:6713: result: no
configure:6683: checking for pgf77
configure:6713: result: no
configure:6683: checking for cf77
configure:6713: result: no
configure:6683: checking for fort77
configure:6713: result: no
configure:6683: checking for fl32
configure:6713: result: no
configure:6683: checking for af77
configure:6713: result: no
configure:6683: checking for xlf90
configure:6713: result: no
configure:6683: checking for f90
configure:6713: result: no
configure:6683: checking for pgf90
configure:6713: result: no
configure:6683: checking for pghpf
configure:6713: result: no
configure:6683: checking for epcf90
configure:6713: result: no
configure:6683: checking for gfortran
configure:6713: result: no
configure:6683: checking for g95
configure:6713: result: no
configure:6683: checking for xlf95
configure:6713: result: no
configure:6683: checking for f95
configure:6713: result: no
configure:6683: checking for fort
configure:6713: result: no
configure:6683: checking for ifort
configure:6713: result: no
configure:6683: checking for ifc
configure:6713: result: no
configure:6683: checking for efc
configure:6713: result: no
configure:6683: checking for pgf95
configure:6713: result: no
configure:6683: checking for lf95
configure:6713: result: no
configure:6683: checking for ftn
configure:6713: result: no
configure:6740: checking for Fortran 77 compiler version
configure:6747:  --version >&5
./configure: line 6748: --version: command not found
configure:6750: $? = 127
configure:6757:  -v >&5
./configure: line 6758: -v: command not found
configure:6760: $? = 127
configure:6767:  -V >&5
./configure: line 6768: -V: command not found
configure:6770: $? = 127
configure:6778: checking whether we are using the GNU Fortran 77 compiler
configure:6797:  -c  conftest.F >&5
./configure: line 6798: -c: command not found
configure:6803: $? = 127
configure: failed program was:
|       program main
| #ifndef __GNUC__
|        choke me
| #endif
| 
|       end
configure:6820: result: no
configure:6826: checking whether  accepts -g
configure:6843:  -c -g conftest.f >&5
./configure: line 6844: -c: command not found
configure:6849: $? = 127
configure: failed program was:
|       program main
| 
|       end
configure:6865: result: no
configure:6895: checking the maximum length of command line arguments
configure:7004: result: 32768
configure:7015: checking command to parse /usr/bin/i586-mingw32msvc-nm -B output from i586-mingw32msvc-gcc object
configure:7120: i586-mingw32msvc-gcc -c -g -O2  conftest.c >&5
configure:7123: $? = 0
configure:7127: /usr/bin/i586-mingw32msvc-nm -B conftest.o \| sed -n -e 's/^.*[ 	]\([ABCDGIRSTW][ABCDGIRSTW]*\)[ 	][ 	]*\([_A-Za-z][_A-Za-z0-9]*\)$/\1 \2 \2/p' \> conftest.nm
configure:7130: $? = 0
cannot find nm_test_var in conftest.nm
configure:7120: i586-mingw32msvc-gcc -c -g -O2  conftest.c >&5
configure:7123: $? = 0
configure:7127: /usr/bin/i586-mingw32msvc-nm -B conftest.o \| sed -n -e 's/^.*[ 	]\([ABCDGIRSTW][ABCDGIRSTW]*\)[ 	][ 	]*_\([_A-Za-z][_A-Za-z0-9]*\)$/\1 _\2 \2/p' \> conftest.nm
configure:7130: $? = 0
configure:7182: i586-mingw32msvc-gcc -o conftest.exe -g -O2   conftest.c conftstm.o >&5
configure:7185: $? = 0
configure:7223: result: ok
configure:7227: checking for objdir
configure:7242: result: .libs
configure:7294: checking for i586-mingw32msvc-ar
configure:7310: found /usr/bin/i586-mingw32msvc-ar
configure:7321: result: i586-mingw32msvc-ar
configure:7390: checking for i586-mingw32msvc-ranlib
configure:7406: found /usr/bin/i586-mingw32msvc-ranlib
configure:7417: result: i586-mingw32msvc-ranlib
configure:7486: checking for i586-mingw32msvc-strip
configure:7513: result: i586-mingw32msvc-strip
configure:7839: checking if i586-mingw32msvc-gcc supports -fno-rtti -fno-exceptions
configure:7857: i586-mingw32msvc-gcc -c -g -O2  -fno-rtti -fno-exceptions conftest.c >&5
cc1: warning: command line option "-fno-rtti" is valid for C++/ObjC++ but not for C
configure:7861: $? = 0
configure:7874: result: no
configure:7889: checking for i586-mingw32msvc-gcc option to produce PIC
configure:8099: result: -DDLL_EXPORT
configure:8107: checking if i586-mingw32msvc-gcc PIC flag -DDLL_EXPORT works
configure:8125: i586-mingw32msvc-gcc -c -g -O2  -DDLL_EXPORT -DPIC conftest.c >&5
configure:8129: $? = 0
configure:8142: result: yes
configure:8170: checking if i586-mingw32msvc-gcc static flag -static works
configure:8198: result: yes
configure:8208: checking if i586-mingw32msvc-gcc supports -c -o file.o
configure:8229: i586-mingw32msvc-gcc -c -g -O2  -o out/conftest2.o conftest.c >&5
configure:8233: $? = 0
configure:8255: result: yes
configure:8281: checking whether the i586-mingw32msvc-gcc linker (/usr/i586-mingw32msvc/bin/ld) supports shared libraries
configure:9236: result: yes
configure:9257: checking whether -lc should be explicitly linked in
configure:9262: i586-mingw32msvc-gcc -c -g -O2  conftest.c >&5
configure:9265: $? = 0
configure:9280: i586-mingw32msvc-gcc -shared conftest.o  -v -o ./conftest -Wl,--enable-auto-image-base -Xlinker --out-implib -Xlinker conftest 2\>\&1 \| grep  -lc  \>/dev/null 2\>\&1
configure:9283: $? = 1
configure:9295: result: yes
configure:9303: checking dynamic linker characteristics
configure:9879: result: Win32 ld.exe
configure:9888: checking how to hardcode library paths into programs
configure:9913: result: immediate
configure:9927: checking whether stripping libraries is possible
configure:9932: result: yes
configure:10733: checking if libtool supports shared libraries
configure:10735: result: yes
configure:10738: checking whether to build shared libraries
configure:10759: result: yes
configure:10762: checking whether to build static libraries
configure:10766: result: yes
configure:10858: creating libtool
configure:11446: checking for ld used by i586-mingw32msvc-g++
configure:11513: result: /usr/i586-mingw32msvc/bin/ld
configure:11522: checking if the linker (/usr/i586-mingw32msvc/bin/ld) is GNU ld
configure:11537: result: yes
configure:11588: checking whether the i586-mingw32msvc-g++ linker (/usr/i586-mingw32msvc/bin/ld) supports shared libraries
configure:12522: result: yes
configure:12540: i586-mingw32msvc-g++ -c -g -O2  conftest.cpp >&5
configure:12543: $? = 0
configure:12662: checking for i586-mingw32msvc-g++ option to produce PIC
configure:12936: result: -DDLL_EXPORT
configure:12944: checking if i586-mingw32msvc-g++ PIC flag -DDLL_EXPORT works
configure:12962: i586-mingw32msvc-g++ -c -g -O2  -DDLL_EXPORT -DPIC conftest.cpp >&5
configure:12966: $? = 0
configure:12979: result: yes
configure:13007: checking if i586-mingw32msvc-g++ static flag -static works
configure:13035: result: yes
configure:13045: checking if i586-mingw32msvc-g++ supports -c -o file.o
configure:13066: i586-mingw32msvc-g++ -c -g -O2  -o out/conftest2.o conftest.cpp >&5
configure:13070: $? = 0
configure:13092: result: yes
configure:13118: checking whether the i586-mingw32msvc-g++ linker (/usr/i586-mingw32msvc/bin/ld) supports shared libraries
configure:13146: result: yes
configure:13213: checking dynamic linker characteristics
configure:13789: result: Win32 ld.exe
configure:13798: checking how to hardcode library paths into programs
configure:13823: result: immediate
configure:19944: checking for an ANSI C-conforming const
configure:20019: i586-mingw32msvc-gcc -c -g -O2  conftest.c >&5
configure:20025: $? = 0
configure:20040: result: yes
configure:20050: checking for inline
configure:20076: i586-mingw32msvc-gcc -c -g -O2  conftest.c >&5
configure:20082: $? = 0
configure:20100: result: inline
configure:20119: checking return type of signal handlers
configure:20147: i586-mingw32msvc-gcc -c -g -O2  conftest.c >&5
conftest.c: In function `main':
conftest.c:26: error: void value not ignored as it ought to be
configure:20153: $? = 1
configure: failed program was:
| /* confdefs.h.  */
| #define PACKAGE_NAME ""
| #define PACKAGE_TARNAME ""
| #define PACKAGE_VERSION ""
| #define PACKAGE_STRING ""
| #define PACKAGE_BUGREPORT ""
| #define PACKAGE "caloric"
| #define VERSION "0.1"
| #define STDC_HEADERS 1
| #define HAVE_SYS_TYPES_H 1
| #define HAVE_SYS_STAT_H 1
| #define HAVE_STDLIB_H 1
| #define HAVE_STRING_H 1
| #define HAVE_MEMORY_H 1
| #define HAVE_STRINGS_H 1
| #define HAVE_INTTYPES_H 1
| #define HAVE_STDINT_H 1
| #define HAVE_UNISTD_H 1
| /* end confdefs.h.  */
| #include <sys/types.h>
| #include <signal.h>
| 
| int
| main ()
| {
| return *(signal (0, 0)) (0) == 1;
|   ;
|   return 0;
| }
configure:20168: result: void
configure:20193: checking for i586-mingw32msvc-pkg-config
configure:20226: result: no
configure:20236: checking for pkg-config
configure:20254: found /usr/bin/pkg-config
configure:20266: result: /usr/bin/pkg-config
configure:20280: WARNING: In the future, Autoconf will not detect cross-tools
whose name does not start with the host triplet.  If you think this
configuration is useful to you, please write to autoconf@gnu.org.
configure:20295: checking pkg-config is at least version 0.9.0
configure:20298: result: yes
configure:20343: checking stdio.h usability
configure:20360: i586-mingw32msvc-gcc -c -g -O2  conftest.c >&5
configure:20366: $? = 0
configure:20380: result: yes
configure:20384: checking stdio.h presence
configure:20399: i586-mingw32msvc-gcc -E  conftest.c
configure:20405: $? = 0
configure:20419: result: yes
configure:20447: checking for stdio.h
configure:20455: result: yes
configure:20343: checking stdarg.h usability
configure:20360: i586-mingw32msvc-gcc -c -g -O2  conftest.c >&5
configure:20366: $? = 0
configure:20380: result: yes
configure:20384: checking stdarg.h presence
configure:20399: i586-mingw32msvc-gcc -E  conftest.c
configure:20405: $? = 0
configure:20419: result: yes
configure:20447: checking for stdarg.h
configure:20455: result: yes
configure:20343: checking signal.h usability
configure:20360: i586-mingw32msvc-gcc -c -g -O2  conftest.c >&5
configure:20366: $? = 0
configure:20380: result: yes
configure:20384: checking signal.h presence
configure:20399: i586-mingw32msvc-gcc -E  conftest.c
configure:20405: $? = 0
configure:20419: result: yes
configure:20447: checking for signal.h
configure:20455: result: yes
configure:20343: checking sys/ioctl.h usability
configure:20360: i586-mingw32msvc-gcc -c -g -O2  conftest.c >&5
conftest.c:57:23: sys/ioctl.h: No such file or directory
configure:20366: $? = 1
configure: failed program was:
| /* confdefs.h.  */
| #define PACKAGE_NAME ""
| #define PACKAGE_TARNAME ""
| #define PACKAGE_VERSION ""
| #define PACKAGE_STRING ""
| #define PACKAGE_BUGREPORT ""
| #define PACKAGE "caloric"
| #define VERSION "0.1"
| #define STDC_HEADERS 1
| #define HAVE_SYS_TYPES_H 1
| #define HAVE_SYS_STAT_H 1
| #define HAVE_STDLIB_H 1
| #define HAVE_STRING_H 1
| #define HAVE_MEMORY_H 1
| #define HAVE_STRINGS_H 1
| #define HAVE_INTTYPES_H 1
| #define HAVE_STDINT_H 1
| #define HAVE_UNISTD_H 1
| #define RETSIGTYPE void
| #define HAVE_STDIO_H 1
| #define HAVE_STDARG_H 1
| #define HAVE_SIGNAL_H 1
| /* end confdefs.h.  */
| #include <stdio.h>
| #ifdef HAVE_SYS_TYPES_H
| # include <sys/types.h>
| #endif
| #ifdef HAVE_SYS_STAT_H
| # include <sys/stat.h>
| #endif
| #ifdef STDC_HEADERS
| # include <stdlib.h>
| # include <stddef.h>
| #else
| # ifdef HAVE_STDLIB_H
| #  include <stdlib.h>
| # endif
| #endif
| #ifdef HAVE_STRING_H
| # if !defined STDC_HEADERS && defined HAVE_MEMORY_H
| #  include <memory.h>
| # endif
| # include <string.h>
| #endif
| #ifdef HAVE_STRINGS_H
| # include <strings.h>
| #endif
| #ifdef HAVE_INTTYPES_H
| # include <inttypes.h>
| #endif
| #ifdef HAVE_STDINT_H
| # include <stdint.h>
| #endif
| #ifdef HAVE_UNISTD_H
| # include <unistd.h>
| #endif
| #include <sys/ioctl.h>
configure:20380: result: no
configure:20384: checking sys/ioctl.h presence
configure:20399: i586-mingw32msvc-gcc -E  conftest.c
conftest.c:24:23: sys/ioctl.h: No such file or directory
configure:20405: $? = 1
configure: failed program was:
| /* confdefs.h.  */
| #define PACKAGE_NAME ""
| #define PACKAGE_TARNAME ""
| #define PACKAGE_VERSION ""
| #define PACKAGE_STRING ""
| #define PACKAGE_BUGREPORT ""
| #define PACKAGE "caloric"
| #define VERSION "0.1"
| #define STDC_HEADERS 1
| #define HAVE_SYS_TYPES_H 1
| #define HAVE_SYS_STAT_H 1
| #define HAVE_STDLIB_H 1
| #define HAVE_STRING_H 1
| #define HAVE_MEMORY_H 1
| #define HAVE_STRINGS_H 1
| #define HAVE_INTTYPES_H 1
| #define HAVE_STDINT_H 1
| #define HAVE_UNISTD_H 1
| #define RETSIGTYPE void
| #define HAVE_STDIO_H 1
| #define HAVE_STDARG_H 1
| #define HAVE_SIGNAL_H 1
| /* end confdefs.h.  */
| #include <sys/ioctl.h>
configure:20419: result: no
configure:20447: checking for sys/ioctl.h
configure:20455: result: no
configure:20343: checking sys/param.h usability
configure:20360: i586-mingw32msvc-gcc -c -g -O2  conftest.c >&5
configure:20366: $? = 0
configure:20380: result: yes
configure:20384: checking sys/param.h presence
configure:20399: i586-mingw32msvc-gcc -E  conftest.c
configure:20405: $? = 0
configure:20419: result: yes
configure:20447: checking for sys/param.h
configure:20455: result: yes
configure:20343: checking sys/time.h usability
configure:20360: i586-mingw32msvc-gcc -c -g -O2  conftest.c >&5
configure:20366: $? = 0
configure:20380: result: yes
configure:20384: checking sys/time.h presence
configure:20399: i586-mingw32msvc-gcc -E  conftest.c
configure:20405: $? = 0
configure:20419: result: yes
configure:20447: checking for sys/time.h
configure:20455: result: yes
configure:20333: checking for inttypes.h
configure:20339: result: yes
configure:20343: checking endian.h usability
configure:20360: i586-mingw32msvc-gcc -c -g -O2  conftest.c >&5
conftest.c:60:20: endian.h: No such file or directory
configure:20366: $? = 1
configure: failed program was:
| /* confdefs.h.  */
| #define PACKAGE_NAME ""
| #define PACKAGE_TARNAME ""
| #define PACKAGE_VERSION ""
| #define PACKAGE_STRING ""
| #define PACKAGE_BUGREPORT ""
| #define PACKAGE "caloric"
| #define VERSION "0.1"
| #define STDC_HEADERS 1
| #define HAVE_SYS_TYPES_H 1
| #define HAVE_SYS_STAT_H 1
| #define HAVE_STDLIB_H 1
| #define HAVE_STRING_H 1
| #define HAVE_MEMORY_H 1
| #define HAVE_STRINGS_H 1
| #define HAVE_INTTYPES_H 1
| #define HAVE_STDINT_H 1
| #define HAVE_UNISTD_H 1
| #define RETSIGTYPE void
| #define HAVE_STDIO_H 1
| #define HAVE_STDARG_H 1
| #define HAVE_SIGNAL_H 1
| #define HAVE_SYS_PARAM_H 1
| #define HAVE_SYS_TIME_H 1
| #define HAVE_INTTYPES_H 1
| /* end confdefs.h.  */
| #include <stdio.h>
| #ifdef HAVE_SYS_TYPES_H
| # include <sys/types.h>
| #endif
| #ifdef HAVE_SYS_STAT_H
| # include <sys/stat.h>
| #endif
| #ifdef STDC_HEADERS
| # include <stdlib.h>
| # include <stddef.h>
| #else
| # ifdef HAVE_STDLIB_H
| #  include <stdlib.h>
| # endif
| #endif
| #ifdef HAVE_STRING_H
| # if !defined STDC_HEADERS && defined HAVE_MEMORY_H
| #  include <memory.h>
| # endif
| # include <string.h>
| #endif
| #ifdef HAVE_STRINGS_H
| # include <strings.h>
| #endif
| #ifdef HAVE_INTTYPES_H
| # include <inttypes.h>
| #endif
| #ifdef HAVE_STDINT_H
| # include <stdint.h>
| #endif
| #ifdef HAVE_UNISTD_H
| # include <unistd.h>
| #endif
| #include <endian.h>
configure:20380: result: no
configure:20384: checking endian.h presence
configure:20399: i586-mingw32msvc-gcc -E  conftest.c
conftest.c:27:20: endian.h: No such file or directory
configure:20405: $? = 1
configure: failed program was:
| /* confdefs.h.  */
| #define PACKAGE_NAME ""
| #define PACKAGE_TARNAME ""
| #define PACKAGE_VERSION ""
| #define PACKAGE_STRING ""
| #define PACKAGE_BUGREPORT ""
| #define PACKAGE "caloric"
| #define VERSION "0.1"
| #define STDC_HEADERS 1
| #define HAVE_SYS_TYPES_H 1
| #define HAVE_SYS_STAT_H 1
| #define HAVE_STDLIB_H 1
| #define HAVE_STRING_H 1
| #define HAVE_MEMORY_H 1
| #define HAVE_STRINGS_H 1
| #define HAVE_INTTYPES_H 1
| #define HAVE_STDINT_H 1
| #define HAVE_UNISTD_H 1
| #define RETSIGTYPE void
| #define HAVE_STDIO_H 1
| #define HAVE_STDARG_H 1
| #define HAVE_SIGNAL_H 1
| #define HAVE_SYS_PARAM_H 1
| #define HAVE_SYS_TIME_H 1
| #define HAVE_INTTYPES_H 1
| /* end confdefs.h.  */
| #include <endian.h>
configure:20419: result: no
configure:20447: checking for endian.h
configure:20455: result: no
configure:20333: checking for unistd.h
configure:20339: result: yes
configure:20343: checking arpa/inet.h usability
configure:20360: i586-mingw32msvc-gcc -c -g -O2  conftest.c >&5
conftest.c:61:23: arpa/inet.h: No such file or directory
configure:20366: $? = 1
configure: failed program was:
| /* confdefs.h.  */
| #define PACKAGE_NAME ""
| #define PACKAGE_TARNAME ""
| #define PACKAGE_VERSION ""
| #define PACKAGE_STRING ""
| #define PACKAGE_BUGREPORT ""
| #define PACKAGE "caloric"
| #define VERSION "0.1"
| #define STDC_HEADERS 1
| #define HAVE_SYS_TYPES_H 1
| #define HAVE_SYS_STAT_H 1
| #define HAVE_STDLIB_H 1
| #define HAVE_STRING_H 1
| #define HAVE_MEMORY_H 1
| #define HAVE_STRINGS_H 1
| #define HAVE_INTTYPES_H 1
| #define HAVE_STDINT_H 1
| #define HAVE_UNISTD_H 1
| #define RETSIGTYPE void
| #define HAVE_STDIO_H 1
| #define HAVE_STDARG_H 1
| #define HAVE_SIGNAL_H 1
| #define HAVE_SYS_PARAM_H 1
| #define HAVE_SYS_TIME_H 1
| #define HAVE_INTTYPES_H 1
| #define HAVE_UNISTD_H 1
| /* end confdefs.h.  */
| #include <stdio.h>
| #ifdef HAVE_SYS_TYPES_H
| # include <sys/types.h>
| #endif
| #ifdef HAVE_SYS_STAT_H
| # include <sys/stat.h>
| #endif
| #ifdef STDC_HEADERS
| # include <stdlib.h>
| # include <stddef.h>
| #else
| # ifdef HAVE_STDLIB_H
| #  include <stdlib.h>
| # endif
| #endif
| #ifdef HAVE_STRING_H
| # if !defined STDC_HEADERS && defined HAVE_MEMORY_H
| #  include <memory.h>
| # endif
| # include <string.h>
| #endif
| #ifdef HAVE_STRINGS_H
| # include <strings.h>
| #endif
| #ifdef HAVE_INTTYPES_H
| # include <inttypes.h>
| #endif
| #ifdef HAVE_STDINT_H
| # include <stdint.h>
| #endif
| #ifdef HAVE_UNISTD_H
| # include <unistd.h>
| #endif
| #include <arpa/inet.h>
configure:20380: result: no
configure:20384: checking arpa/inet.h presence
configure:20399: i586-mingw32msvc-gcc -E  conftest.c
conftest.c:28:23: arpa/inet.h: No such file or directory
configure:20405: $? = 1
configure: failed program was:
| /* confdefs.h.  */
| #define PACKAGE_NAME ""
| #define PACKAGE_TARNAME ""
| #define PACKAGE_VERSION ""
| #define PACKAGE_STRING ""
| #define PACKAGE_BUGREPORT ""
| #define PACKAGE "caloric"
| #define VERSION "0.1"
| #define STDC_HEADERS 1
| #define HAVE_SYS_TYPES_H 1
| #define HAVE_SYS_STAT_H 1
| #define HAVE_STDLIB_H 1
| #define HAVE_STRING_H 1
| #define HAVE_MEMORY_H 1
| #define HAVE_STRINGS_H 1
| #define HAVE_INTTYPES_H 1
| #define HAVE_STDINT_H 1
| #define HAVE_UNISTD_H 1
| #define RETSIGTYPE void
| #define HAVE_STDIO_H 1
| #define HAVE_STDARG_H 1
| #define HAVE_SIGNAL_H 1
| #define HAVE_SYS_PARAM_H 1
| #define HAVE_SYS_TIME_H 1
| #define HAVE_INTTYPES_H 1
| #define HAVE_UNISTD_H 1
| /* end confdefs.h.  */
| #include <arpa/inet.h>
configure:20419: result: no
configure:20447: checking for arpa/inet.h
configure:20455: result: no
configure:20343: checking netinet/in.h usability
configure:20360: i586-mingw32msvc-gcc -c -g -O2  conftest.c >&5
conftest.c:61:24: netinet/in.h: No such file or directory
configure:20366: $? = 1
configure: failed program was:
| /* confdefs.h.  */
| #define PACKAGE_NAME ""
| #define PACKAGE_TARNAME ""
| #define PACKAGE_VERSION ""
| #define PACKAGE_STRING ""
| #define PACKAGE_BUGREPORT ""
| #define PACKAGE "caloric"
| #define VERSION "0.1"
| #define STDC_HEADERS 1
| #define HAVE_SYS_TYPES_H 1
| #define HAVE_SYS_STAT_H 1
| #define HAVE_STDLIB_H 1
| #define HAVE_STRING_H 1
| #define HAVE_MEMORY_H 1
| #define HAVE_STRINGS_H 1
| #define HAVE_INTTYPES_H 1
| #define HAVE_STDINT_H 1
| #define HAVE_UNISTD_H 1
| #define RETSIGTYPE void
| #define HAVE_STDIO_H 1
| #define HAVE_STDARG_H 1
| #define HAVE_SIGNAL_H 1
| #define HAVE_SYS_PARAM_H 1
| #define HAVE_SYS_TIME_H 1
| #define HAVE_INTTYPES_H 1
| #define HAVE_UNISTD_H 1
| /* end confdefs.h.  */
| #include <stdio.h>
| #ifdef HAVE_SYS_TYPES_H
| # include <sys/types.h>
| #endif
| #ifdef HAVE_SYS_STAT_H
| # include <sys/stat.h>
| #endif
| #ifdef STDC_HEADERS
| # include <stdlib.h>
| # include <stddef.h>
| #else
| # ifdef HAVE_STDLIB_H
| #  include <stdlib.h>
| # endif
| #endif
| #ifdef HAVE_STRING_H
| # if !defined STDC_HEADERS && defined HAVE_MEMORY_H
| #  include <memory.h>
| # endif
| # include <string.h>
| #endif
| #ifdef HAVE_STRINGS_H
| # include <strings.h>
| #endif
| #ifdef HAVE_INTTYPES_H
| # include <inttypes.h>
| #endif
| #ifdef HAVE_STDINT_H
| # include <stdint.h>
| #endif
| #ifdef HAVE_UNISTD_H
| # include <unistd.h>
| #endif
| #include <netinet/in.h>
configure:20380: result: no
configure:20384: checking netinet/in.h presence
configure:20399: i586-mingw32msvc-gcc -E  conftest.c
conftest.c:28:24: netinet/in.h: No such file or directory
configure:20405: $? = 1
configure: failed program was:
| /* confdefs.h.  */
| #define PACKAGE_NAME ""
| #define PACKAGE_TARNAME ""
| #define PACKAGE_VERSION ""
| #define PACKAGE_STRING ""
| #define PACKAGE_BUGREPORT ""
| #define PACKAGE "caloric"
| #define VERSION "0.1"
| #define STDC_HEADERS 1
| #define HAVE_SYS_TYPES_H 1
| #define HAVE_SYS_STAT_H 1
| #define HAVE_STDLIB_H 1
| #define HAVE_STRING_H 1
| #define HAVE_MEMORY_H 1
| #define HAVE_STRINGS_H 1
| #define HAVE_INTTYPES_H 1
| #define HAVE_STDINT_H 1
| #define HAVE_UNISTD_H 1
| #define RETSIGTYPE void
| #define HAVE_STDIO_H 1
| #define HAVE_STDARG_H 1
| #define HAVE_SIGNAL_H 1
| #define HAVE_SYS_PARAM_H 1
| #define HAVE_SYS_TIME_H 1
| #define HAVE_INTTYPES_H 1
| #define HAVE_UNISTD_H 1
| /* end confdefs.h.  */
| #include <netinet/in.h>
configure:20419: result: no
configure:20447: checking for netinet/in.h
configure:20455: result: no
configure:20343: checking winsock2.h usability
configure:20360: i586-mingw32msvc-gcc -c -g -O2  conftest.c >&5
configure:20366: $? = 0
configure:20380: result: yes
configure:20384: checking winsock2.h presence
configure:20399: i586-mingw32msvc-gcc -E  conftest.c
configure:20405: $? = 0
configure:20419: result: yes
configure:20447: checking for winsock2.h
configure:20455: result: yes
configure:20343: checking errno.h usability
configure:20360: i586-mingw32msvc-gcc -c -g -O2  conftest.c >&5
configure:20366: $? = 0
configure:20380: result: yes
configure:20384: checking errno.h presence
configure:20399: i586-mingw32msvc-gcc -E  conftest.c
configure:20405: $? = 0
configure:20419: result: yes
configure:20447: checking for errno.h
configure:20455: result: yes
configure:20343: checking locale.h usability
configure:20360: i586-mingw32msvc-gcc -c -g -O2  conftest.c >&5
configure:20366: $? = 0
configure:20380: result: yes
configure:20384: checking locale.h presence
configure:20399: i586-mingw32msvc-gcc -E  conftest.c
configure:20405: $? = 0
configure:20419: result: yes
configure:20447: checking for locale.h
configure:20455: result: yes
configure:20343: checking getopt.h usability
configure:20360: i586-mingw32msvc-gcc -c -g -O2  conftest.c >&5
configure:20366: $? = 0
configure:20380: result: yes
configure:20384: checking getopt.h presence
configure:20399: i586-mingw32msvc-gcc -E  conftest.c
configure:20405: $? = 0
configure:20419: result: yes
configure:20447: checking for getopt.h
configure:20455: result: yes
configure:20333: checking for dlfcn.h
configure:20339: result: no
configure:20479: checking for signal
configure:20535: i586-mingw32msvc-gcc -o conftest.exe -g -O2   conftest.c  >&5
configure:20541: $? = 0
configure:20559: result: yes
configure:20479: checking for sigaction
configure:20535: i586-mingw32msvc-gcc -o conftest.exe -g -O2   conftest.c  >&5
/tmp/ccULK0Uw.o: In function `main':/home/revol/devel/caloric/caloric/conftest.c:67: undefined reference to `_sigaction'
collect2: ld returned 1 exit status
configure:20541: $? = 1
configure: failed program was:
| /* confdefs.h.  */
| #define PACKAGE_NAME ""
| #define PACKAGE_TARNAME ""
| #define PACKAGE_VERSION ""
| #define PACKAGE_STRING ""
| #define PACKAGE_BUGREPORT ""
| #define PACKAGE "caloric"
| #define VERSION "0.1"
| #define STDC_HEADERS 1
| #define HAVE_SYS_TYPES_H 1
| #define HAVE_SYS_STAT_H 1
| #define HAVE_STDLIB_H 1
| #define HAVE_STRING_H 1
| #define HAVE_MEMORY_H 1
| #define HAVE_STRINGS_H 1
| #define HAVE_INTTYPES_H 1
| #define HAVE_STDINT_H 1
| #define HAVE_UNISTD_H 1
| #define RETSIGTYPE void
| #define HAVE_STDIO_H 1
| #define HAVE_STDARG_H 1
| #define HAVE_SIGNAL_H 1
| #define HAVE_SYS_PARAM_H 1
| #define HAVE_SYS_TIME_H 1
| #define HAVE_INTTYPES_H 1
| #define HAVE_UNISTD_H 1
| #define HAVE_WINSOCK2_H 1
| #define HAVE_ERRNO_H 1
| #define HAVE_LOCALE_H 1
| #define HAVE_GETOPT_H 1
| #define HAVE_SIGNAL 1
| /* end confdefs.h.  */
| /* Define sigaction to an innocuous variant, in case <limits.h> declares sigaction.
|    For example, HP-UX 11i <limits.h> declares gettimeofday.  */
| #define sigaction innocuous_sigaction
| 
| /* System header to define __stub macros and hopefully few prototypes,
|     which can conflict with char sigaction (); below.
|     Prefer <limits.h> to <assert.h> if __STDC__ is defined, since
|     <limits.h> exists even on freestanding compilers.  */
| 
| #ifdef __STDC__
| # include <limits.h>
| #else
| # include <assert.h>
| #endif
| 
| #undef sigaction
| 
| /* Override any GCC internal prototype to avoid an error.
|    Use char because int might match the return type of a GCC
|    builtin and then its argument prototype would still apply.  */
| #ifdef __cplusplus
| extern "C"
| #endif
| char sigaction ();
| /* The GNU C library defines this for functions which it implements
|     to always fail with ENOSYS.  Some functions are actually named
|     something starting with __ and the normal name is an alias.  */
| #if defined __stub_sigaction || defined __stub___sigaction
| choke me
| #endif
| 
| int
| main ()
| {
| return sigaction ();
|   ;
|   return 0;
| }
configure:20559: result: no
configure:20479: checking for ioctl
configure:20535: i586-mingw32msvc-gcc -o conftest.exe -g -O2   conftest.c  >&5
/tmp/ccMENuaG.o: In function `main':/home/revol/devel/caloric/caloric/conftest.c:67: undefined reference to `_ioctl'
collect2: ld returned 1 exit status
configure:20541: $? = 1
configure: failed program was:
| /* confdefs.h.  */
| #define PACKAGE_NAME ""
| #define PACKAGE_TARNAME ""
| #define PACKAGE_VERSION ""
| #define PACKAGE_STRING ""
| #define PACKAGE_BUGREPORT ""
| #define PACKAGE "caloric"
| #define VERSION "0.1"
| #define STDC_HEADERS 1
| #define HAVE_SYS_TYPES_H 1
| #define HAVE_SYS_STAT_H 1
| #define HAVE_STDLIB_H 1
| #define HAVE_STRING_H 1
| #define HAVE_MEMORY_H 1
| #define HAVE_STRINGS_H 1
| #define HAVE_INTTYPES_H 1
| #define HAVE_STDINT_H 1
| #define HAVE_UNISTD_H 1
| #define RETSIGTYPE void
| #define HAVE_STDIO_H 1
| #define HAVE_STDARG_H 1
| #define HAVE_SIGNAL_H 1
| #define HAVE_SYS_PARAM_H 1
| #define HAVE_SYS_TIME_H 1
| #define HAVE_INTTYPES_H 1
| #define HAVE_UNISTD_H 1
| #define HAVE_WINSOCK2_H 1
| #define HAVE_ERRNO_H 1
| #define HAVE_LOCALE_H 1
| #define HAVE_GETOPT_H 1
| #define HAVE_SIGNAL 1
| /* end confdefs.h.  */
| /* Define ioctl to an innocuous variant, in case <limits.h> declares ioctl.
|    For example, HP-UX 11i <limits.h> declares gettimeofday.  */
| #define ioctl innocuous_ioctl
| 
| /* System header to define __stub macros and hopefully few prototypes,
|     which can conflict with char ioctl (); below.
|     Prefer <limits.h> to <assert.h> if __STDC__ is defined, since
|     <limits.h> exists even on freestanding compilers.  */
| 
| #ifdef __STDC__
| # include <limits.h>
| #else
| # include <assert.h>
| #endif
| 
| #undef ioctl
| 
| /* Override any GCC internal prototype to avoid an error.
|    Use char because int might match the return type of a GCC
|    builtin and then its argument prototype would still apply.  */
| #ifdef __cplusplus
| extern "C"
| #endif
| char ioctl ();
| /* The GNU C library defines this for functions which it implements
|     to always fail with ENOSYS.  Some functions are actually named
|     something starting with __ and the normal name is an alias.  */
| #if defined __stub_ioctl || defined __stub___ioctl
| choke me
| #endif
| 
| int
| main ()
| {
| return ioctl ();
|   ;
|   return 0;
| }
configure:20559: result: no
configure:20479: checking for vsnprintf
configure:20535: i586-mingw32msvc-gcc -o conftest.exe -g -O2   conftest.c  >&5
conftest.c:56: warning: conflicting types for built-in function 'vsnprintf'
configure:20541: $? = 0
configure:20559: result: yes
configure:20479: checking for getenv
configure:20535: i586-mingw32msvc-gcc -o conftest.exe -g -O2   conftest.c  >&5
configure:20541: $? = 0
configure:20559: result: yes
configure:20479: checking for putenv
configure:20535: i586-mingw32msvc-gcc -o conftest.exe -g -O2   conftest.c  >&5
configure:20541: $? = 0
configure:20559: result: yes
configure:20479: checking for strcasecmp
configure:20535: i586-mingw32msvc-gcc -o conftest.exe -g -O2   conftest.c  >&5
configure:20541: $? = 0
configure:20559: result: yes
configure:20479: checking for htons
configure:20535: i586-mingw32msvc-gcc -o conftest.exe -g -O2   conftest.c  >&5
/tmp/cc6csQph.o: In function `main':/home/revol/devel/caloric/caloric/conftest.c:71: undefined reference to `_htons'
collect2: ld returned 1 exit status
configure:20541: $? = 1
configure: failed program was:
| /* confdefs.h.  */
| #define PACKAGE_NAME ""
| #define PACKAGE_TARNAME ""
| #define PACKAGE_VERSION ""
| #define PACKAGE_STRING ""
| #define PACKAGE_BUGREPORT ""
| #define PACKAGE "caloric"
| #define VERSION "0.1"
| #define STDC_HEADERS 1
| #define HAVE_SYS_TYPES_H 1
| #define HAVE_SYS_STAT_H 1
| #define HAVE_STDLIB_H 1
| #define HAVE_STRING_H 1
| #define HAVE_MEMORY_H 1
| #define HAVE_STRINGS_H 1
| #define HAVE_INTTYPES_H 1
| #define HAVE_STDINT_H 1
| #define HAVE_UNISTD_H 1
| #define RETSIGTYPE void
| #define HAVE_STDIO_H 1
| #define HAVE_STDARG_H 1
| #define HAVE_SIGNAL_H 1
| #define HAVE_SYS_PARAM_H 1
| #define HAVE_SYS_TIME_H 1
| #define HAVE_INTTYPES_H 1
| #define HAVE_UNISTD_H 1
| #define HAVE_WINSOCK2_H 1
| #define HAVE_ERRNO_H 1
| #define HAVE_LOCALE_H 1
| #define HAVE_GETOPT_H 1
| #define HAVE_SIGNAL 1
| #define HAVE_VSNPRINTF 1
| #define HAVE_GETENV 1
| #define HAVE_PUTENV 1
| #define HAVE_STRCASECMP 1
| /* end confdefs.h.  */
| /* Define htons to an innocuous variant, in case <limits.h> declares htons.
|    For example, HP-UX 11i <limits.h> declares gettimeofday.  */
| #define htons innocuous_htons
| 
| /* System header to define __stub macros and hopefully few prototypes,
|     which can conflict with char htons (); below.
|     Prefer <limits.h> to <assert.h> if __STDC__ is defined, since
|     <limits.h> exists even on freestanding compilers.  */
| 
| #ifdef __STDC__
| # include <limits.h>
| #else
| # include <assert.h>
| #endif
| 
| #undef htons
| 
| /* Override any GCC internal prototype to avoid an error.
|    Use char because int might match the return type of a GCC
|    builtin and then its argument prototype would still apply.  */
| #ifdef __cplusplus
| extern "C"
| #endif
| char htons ();
| /* The GNU C library defines this for functions which it implements
|     to always fail with ENOSYS.  Some functions are actually named
|     something starting with __ and the normal name is an alias.  */
| #if defined __stub_htons || defined __stub___htons
| choke me
| #endif
| 
| int
| main ()
| {
| return htons ();
|   ;
|   return 0;
| }
configure:20559: result: no
configure:20575: checking for usleep
configure:20631: i586-mingw32msvc-gcc -o conftest.exe -g -O2   conftest.c  >&5
/tmp/ccUBxfUq.o: In function `main':/home/revol/devel/caloric/caloric/conftest.c:71: undefined reference to `_usleep'
collect2: ld returned 1 exit status
configure:20637: $? = 1
configure: failed program was:
| /* confdefs.h.  */
| #define PACKAGE_NAME ""
| #define PACKAGE_TARNAME ""
| #define PACKAGE_VERSION ""
| #define PACKAGE_STRING ""
| #define PACKAGE_BUGREPORT ""
| #define PACKAGE "caloric"
| #define VERSION "0.1"
| #define STDC_HEADERS 1
| #define HAVE_SYS_TYPES_H 1
| #define HAVE_SYS_STAT_H 1
| #define HAVE_STDLIB_H 1
| #define HAVE_STRING_H 1
| #define HAVE_MEMORY_H 1
| #define HAVE_STRINGS_H 1
| #define HAVE_INTTYPES_H 1
| #define HAVE_STDINT_H 1
| #define HAVE_UNISTD_H 1
| #define RETSIGTYPE void
| #define HAVE_STDIO_H 1
| #define HAVE_STDARG_H 1
| #define HAVE_SIGNAL_H 1
| #define HAVE_SYS_PARAM_H 1
| #define HAVE_SYS_TIME_H 1
| #define HAVE_INTTYPES_H 1
| #define HAVE_UNISTD_H 1
| #define HAVE_WINSOCK2_H 1
| #define HAVE_ERRNO_H 1
| #define HAVE_LOCALE_H 1
| #define HAVE_GETOPT_H 1
| #define HAVE_SIGNAL 1
| #define HAVE_VSNPRINTF 1
| #define HAVE_GETENV 1
| #define HAVE_PUTENV 1
| #define HAVE_STRCASECMP 1
| /* end confdefs.h.  */
| /* Define usleep to an innocuous variant, in case <limits.h> declares usleep.
|    For example, HP-UX 11i <limits.h> declares gettimeofday.  */
| #define usleep innocuous_usleep
| 
| /* System header to define __stub macros and hopefully few prototypes,
|     which can conflict with char usleep (); below.
|     Prefer <limits.h> to <assert.h> if __STDC__ is defined, since
|     <limits.h> exists even on freestanding compilers.  */
| 
| #ifdef __STDC__
| # include <limits.h>
| #else
| # include <assert.h>
| #endif
| 
| #undef usleep
| 
| /* Override any GCC internal prototype to avoid an error.
|    Use char because int might match the return type of a GCC
|    builtin and then its argument prototype would still apply.  */
| #ifdef __cplusplus
| extern "C"
| #endif
| char usleep ();
| /* The GNU C library defines this for functions which it implements
|     to always fail with ENOSYS.  Some functions are actually named
|     something starting with __ and the normal name is an alias.  */
| #if defined __stub_usleep || defined __stub___usleep
| choke me
| #endif
| 
| int
| main ()
| {
| return usleep ();
|   ;
|   return 0;
| }
configure:20655: result: no
configure:20575: checking for gettimeofday
configure:20631: i586-mingw32msvc-gcc -o conftest.exe -g -O2   conftest.c  >&5
/tmp/ccu80smC.o: In function `main':/home/revol/devel/caloric/caloric/conftest.c:71: undefined reference to `_gettimeofday'
collect2: ld returned 1 exit status
configure:20637: $? = 1
configure: failed program was:
| /* confdefs.h.  */
| #define PACKAGE_NAME ""
| #define PACKAGE_TARNAME ""
| #define PACKAGE_VERSION ""
| #define PACKAGE_STRING ""
| #define PACKAGE_BUGREPORT ""
| #define PACKAGE "caloric"
| #define VERSION "0.1"
| #define STDC_HEADERS 1
| #define HAVE_SYS_TYPES_H 1
| #define HAVE_SYS_STAT_H 1
| #define HAVE_STDLIB_H 1
| #define HAVE_STRING_H 1
| #define HAVE_MEMORY_H 1
| #define HAVE_STRINGS_H 1
| #define HAVE_INTTYPES_H 1
| #define HAVE_STDINT_H 1
| #define HAVE_UNISTD_H 1
| #define RETSIGTYPE void
| #define HAVE_STDIO_H 1
| #define HAVE_STDARG_H 1
| #define HAVE_SIGNAL_H 1
| #define HAVE_SYS_PARAM_H 1
| #define HAVE_SYS_TIME_H 1
| #define HAVE_INTTYPES_H 1
| #define HAVE_UNISTD_H 1
| #define HAVE_WINSOCK2_H 1
| #define HAVE_ERRNO_H 1
| #define HAVE_LOCALE_H 1
| #define HAVE_GETOPT_H 1
| #define HAVE_SIGNAL 1
| #define HAVE_VSNPRINTF 1
| #define HAVE_GETENV 1
| #define HAVE_PUTENV 1
| #define HAVE_STRCASECMP 1
| /* end confdefs.h.  */
| /* Define gettimeofday to an innocuous variant, in case <limits.h> declares gettimeofday.
|    For example, HP-UX 11i <limits.h> declares gettimeofday.  */
| #define gettimeofday innocuous_gettimeofday
| 
| /* System header to define __stub macros and hopefully few prototypes,
|     which can conflict with char gettimeofday (); below.
|     Prefer <limits.h> to <assert.h> if __STDC__ is defined, since
|     <limits.h> exists even on freestanding compilers.  */
| 
| #ifdef __STDC__
| # include <limits.h>
| #else
| # include <assert.h>
| #endif
| 
| #undef gettimeofday
| 
| /* Override any GCC internal prototype to avoid an error.
|    Use char because int might match the return type of a GCC
|    builtin and then its argument prototype would still apply.  */
| #ifdef __cplusplus
| extern "C"
| #endif
| char gettimeofday ();
| /* The GNU C library defines this for functions which it implements
|     to always fail with ENOSYS.  Some functions are actually named
|     something starting with __ and the normal name is an alias.  */
| #if defined __stub_gettimeofday || defined __stub___gettimeofday
| choke me
| #endif
| 
| int
| main ()
| {
| return gettimeofday ();
|   ;
|   return 0;
| }
configure:20655: result: no
configure:20575: checking for setitimer
configure:20631: i586-mingw32msvc-gcc -o conftest.exe -g -O2   conftest.c  >&5
/tmp/ccAE59NL.o: In function `main':/home/revol/devel/caloric/caloric/conftest.c:71: undefined reference to `_setitimer'
collect2: ld returned 1 exit status
configure:20637: $? = 1
configure: failed program was:
| /* confdefs.h.  */
| #define PACKAGE_NAME ""
| #define PACKAGE_TARNAME ""
| #define PACKAGE_VERSION ""
| #define PACKAGE_STRING ""
| #define PACKAGE_BUGREPORT ""
| #define PACKAGE "caloric"
| #define VERSION "0.1"
| #define STDC_HEADERS 1
| #define HAVE_SYS_TYPES_H 1
| #define HAVE_SYS_STAT_H 1
| #define HAVE_STDLIB_H 1
| #define HAVE_STRING_H 1
| #define HAVE_MEMORY_H 1
| #define HAVE_STRINGS_H 1
| #define HAVE_INTTYPES_H 1
| #define HAVE_STDINT_H 1
| #define HAVE_UNISTD_H 1
| #define RETSIGTYPE void
| #define HAVE_STDIO_H 1
| #define HAVE_STDARG_H 1
| #define HAVE_SIGNAL_H 1
| #define HAVE_SYS_PARAM_H 1
| #define HAVE_SYS_TIME_H 1
| #define HAVE_INTTYPES_H 1
| #define HAVE_UNISTD_H 1
| #define HAVE_WINSOCK2_H 1
| #define HAVE_ERRNO_H 1
| #define HAVE_LOCALE_H 1
| #define HAVE_GETOPT_H 1
| #define HAVE_SIGNAL 1
| #define HAVE_VSNPRINTF 1
| #define HAVE_GETENV 1
| #define HAVE_PUTENV 1
| #define HAVE_STRCASECMP 1
| /* end confdefs.h.  */
| /* Define setitimer to an innocuous variant, in case <limits.h> declares setitimer.
|    For example, HP-UX 11i <limits.h> declares gettimeofday.  */
| #define setitimer innocuous_setitimer
| 
| /* System header to define __stub macros and hopefully few prototypes,
|     which can conflict with char setitimer (); below.
|     Prefer <limits.h> to <assert.h> if __STDC__ is defined, since
|     <limits.h> exists even on freestanding compilers.  */
| 
| #ifdef __STDC__
| # include <limits.h>
| #else
| # include <assert.h>
| #endif
| 
| #undef setitimer
| 
| /* Override any GCC internal prototype to avoid an error.
|    Use char because int might match the return type of a GCC
|    builtin and then its argument prototype would still apply.  */
| #ifdef __cplusplus
| extern "C"
| #endif
| char setitimer ();
| /* The GNU C library defines this for functions which it implements
|     to always fail with ENOSYS.  Some functions are actually named
|     something starting with __ and the normal name is an alias.  */
| #if defined __stub_setitimer || defined __stub___setitimer
| choke me
| #endif
| 
| int
| main ()
| {
| return setitimer ();
|   ;
|   return 0;
| }
configure:20655: result: no
configure:20670: checking for getopt_long
configure:20726: i586-mingw32msvc-gcc -o conftest.exe -g -O2   conftest.c  >&5
configure:20732: $? = 0
configure:20750: result: yes
configure:20837: checking for Sleep
configure:20860: i586-mingw32msvc-gcc -c -g -O2  conftest.c >&5
configure:20866: $? = 0
configure:20871: result: yes
configure:20889: checking for sin in -lm
configure:20924: i586-mingw32msvc-gcc -o conftest.exe -g -O2   conftest.c -lm   >&5
conftest.c:47: warning: conflicting types for built-in function 'sin'
configure:20930: $? = 0
configure:20948: result: yes
configure:21293: checking for GTK
configure:21301: $PKG_CONFIG --exists --print-errors "gtk+-2.0 >= 2.2 glib-2.0 >= 2.2"
Package gtk+-2.0 was not found in the pkg-config search path.
Perhaps you should add the directory containing `gtk+-2.0.pc'
to the PKG_CONFIG_PATH environment variable
No package 'gtk+-2.0' found
Package glib-2.0 was not found in the pkg-config search path.
Perhaps you should add the directory containing `glib-2.0.pc'
to the PKG_CONFIG_PATH environment variable
No package 'glib-2.0' found
configure:21304: $? = 1
configure:21319: $PKG_CONFIG --exists --print-errors "gtk+-2.0 >= 2.2 glib-2.0 >= 2.2"
Package gtk+-2.0 was not found in the pkg-config search path.
Perhaps you should add the directory containing `gtk+-2.0.pc'
to the PKG_CONFIG_PATH environment variable
No package 'gtk+-2.0' found
Package glib-2.0 was not found in the pkg-config search path.
Perhaps you should add the directory containing `glib-2.0.pc'
to the PKG_CONFIG_PATH environment variable
No package 'glib-2.0' found
configure:21322: $? = 1
No package 'gtk+-2.0' found
No package 'glib-2.0' found
configure:21368: checking for GLADE
configure:21376: $PKG_CONFIG --exists --print-errors "libglade-2.0"
Package libglade-2.0 was not found in the pkg-config search path.
Perhaps you should add the directory containing `libglade-2.0.pc'
to the PKG_CONFIG_PATH environment variable
No package 'libglade-2.0' found
configure:21379: $? = 1
configure:21394: $PKG_CONFIG --exists --print-errors "libglade-2.0"
Package libglade-2.0 was not found in the pkg-config search path.
Perhaps you should add the directory containing `libglade-2.0.pc'
to the PKG_CONFIG_PATH environment variable
No package 'libglade-2.0' found
configure:21397: $? = 1
No package 'libglade-2.0' found
configure:21443: checking for snd_pcm_open in -lasound
configure:21478: i586-mingw32msvc-gcc -o conftest.exe -g -O2   conftest.c -lasound   >&5
/usr/lib/gcc/i586-mingw32msvc/3.4.5/../../../../i586-mingw32msvc/bin/ld: cannot find -lasound
collect2: ld returned 1 exit status
configure:21484: $? = 1
configure: failed program was:
| /* confdefs.h.  */
| #define PACKAGE_NAME ""
| #define PACKAGE_TARNAME ""
| #define PACKAGE_VERSION ""
| #define PACKAGE_STRING ""
| #define PACKAGE_BUGREPORT ""
| #define PACKAGE "caloric"
| #define VERSION "0.1"
| #define STDC_HEADERS 1
| #define HAVE_SYS_TYPES_H 1
| #define HAVE_SYS_STAT_H 1
| #define HAVE_STDLIB_H 1
| #define HAVE_STRING_H 1
| #define HAVE_MEMORY_H 1
| #define HAVE_STRINGS_H 1
| #define HAVE_INTTYPES_H 1
| #define HAVE_STDINT_H 1
| #define HAVE_UNISTD_H 1
| #define RETSIGTYPE void
| #define HAVE_STDIO_H 1
| #define HAVE_STDARG_H 1
| #define HAVE_SIGNAL_H 1
| #define HAVE_SYS_PARAM_H 1
| #define HAVE_SYS_TIME_H 1
| #define HAVE_INTTYPES_H 1
| #define HAVE_UNISTD_H 1
| #define HAVE_WINSOCK2_H 1
| #define HAVE_ERRNO_H 1
| #define HAVE_LOCALE_H 1
| #define HAVE_GETOPT_H 1
| #define HAVE_SIGNAL 1
| #define HAVE_VSNPRINTF 1
| #define HAVE_GETENV 1
| #define HAVE_PUTENV 1
| #define HAVE_STRCASECMP 1
| #define HAVE_GETOPT_LONG 1
| #define HAVE_GETOPT_LONG 1
| #define HAVE_SLEEP 1
| #define HAVE_SDL 1
| /* end confdefs.h.  */
| 
| /* Override any GCC internal prototype to avoid an error.
|    Use char because int might match the return type of a GCC
|    builtin and then its argument prototype would still apply.  */
| #ifdef __cplusplus
| extern "C"
| #endif
| char snd_pcm_open ();
| int
| main ()
| {
| return snd_pcm_open ();
|   ;
|   return 0;
| }
configure:21502: result: no
configure:21667: creating ./config.status

## ---------------- ##
## Cache variables. ##
## ---------------- ##

ac_cv_build=i686-pc-linux-gnu
ac_cv_c_compiler_gnu=yes
ac_cv_c_const=yes
ac_cv_c_inline=inline
ac_cv_cxx_compiler_gnu=yes
ac_cv_env_CCASFLAGS_set=
ac_cv_env_CCASFLAGS_value=
ac_cv_env_CCAS_set=
ac_cv_env_CCAS_value=
ac_cv_env_CCC_set=
ac_cv_env_CCC_value=
ac_cv_env_CC_set=
ac_cv_env_CC_value=
ac_cv_env_CFLAGS_set=
ac_cv_env_CFLAGS_value=
ac_cv_env_CPPFLAGS_set=
ac_cv_env_CPPFLAGS_value=
ac_cv_env_CPP_set=
ac_cv_env_CPP_value=
ac_cv_env_CXXCPP_set=
ac_cv_env_CXXCPP_value=
ac_cv_env_CXXFLAGS_set=
ac_cv_env_CXXFLAGS_value=
ac_cv_env_CXX_set=
ac_cv_env_CXX_value=
ac_cv_env_F77_set=
ac_cv_env_F77_value=
ac_cv_env_FFLAGS_set=
ac_cv_env_FFLAGS_value=
ac_cv_env_GLADE_CFLAGS_set=
ac_cv_env_GLADE_CFLAGS_value=
ac_cv_env_GLADE_LIBS_set=
ac_cv_env_GLADE_LIBS_value=
ac_cv_env_GTK_CFLAGS_set=
ac_cv_env_GTK_CFLAGS_value=
ac_cv_env_GTK_LIBS_set=
ac_cv_env_GTK_LIBS_value=
ac_cv_env_LDFLAGS_set=
ac_cv_env_LDFLAGS_value=
ac_cv_env_LIBS_set=
ac_cv_env_LIBS_value=
ac_cv_env_PKG_CONFIG_set=
ac_cv_env_PKG_CONFIG_value=
ac_cv_env_build_alias_set=
ac_cv_env_build_alias_value=
ac_cv_env_host_alias_set=set
ac_cv_env_host_alias_value=i586-mingw32msvc
ac_cv_env_target_alias_set=
ac_cv_env_target_alias_value=
ac_cv_exeext=.exe
ac_cv_f77_compiler_gnu=no
ac_cv_func_getenv=yes
ac_cv_func_getopt_long=yes
ac_cv_func_gettimeofday=no
ac_cv_func_htons=no
ac_cv_func_ioctl=no
ac_cv_func_putenv=yes
ac_cv_func_setitimer=no
ac_cv_func_sigaction=no
ac_cv_func_signal=yes
ac_cv_func_strcasecmp=yes
ac_cv_func_usleep=no
ac_cv_func_vsnprintf=yes
ac_cv_header_arpa_inet_h=no
ac_cv_header_dlfcn_h=no
ac_cv_header_endian_h=no
ac_cv_header_errno_h=yes
ac_cv_header_getopt_h=yes
ac_cv_header_inttypes_h=yes
ac_cv_header_locale_h=yes
ac_cv_header_memory_h=yes
ac_cv_header_netinet_in_h=no
ac_cv_header_signal_h=yes
ac_cv_header_stdarg_h=yes
ac_cv_header_stdc=yes
ac_cv_header_stdint_h=yes
ac_cv_header_stdio_h=yes
ac_cv_header_stdlib_h=yes
ac_cv_header_string_h=yes
ac_cv_header_strings_h=yes
ac_cv_header_sys_ioctl_h=no
ac_cv_header_sys_param_h=yes
ac_cv_header_sys_stat_h=yes
ac_cv_header_sys_time_h=yes
ac_cv_header_sys_types_h=yes
ac_cv_header_unistd_h=yes
ac_cv_header_winsock2_h=yes
ac_cv_host=i586-pc-mingw32msvc
ac_cv_lib_asound_snd_pcm_open=no
ac_cv_lib_m_sin=yes
ac_cv_objext=o
ac_cv_path_EGREP='/bin/grep -E'
ac_cv_path_GREP=/bin/grep
ac_cv_path_ac_pt_PKG_CONFIG=/usr/bin/pkg-config
ac_cv_path_install='/usr/bin/install -c'
ac_cv_prog_AR=i586-mingw32msvc-ar
ac_cv_prog_AS=i586-mingw32msvc-as
ac_cv_prog_AWK=gawk
ac_cv_prog_CC=i586-mingw32msvc-gcc
ac_cv_prog_CPP='i586-mingw32msvc-gcc -E'
ac_cv_prog_CXX=i586-mingw32msvc-g++
ac_cv_prog_CXXCPP='i586-mingw32msvc-g++ -E'
ac_cv_prog_DLLTOOL=i586-mingw32msvc-dlltool
ac_cv_prog_OBJDUMP=i586-mingw32msvc-objdump
ac_cv_prog_RANLIB=i586-mingw32msvc-ranlib
ac_cv_prog_STRIP=i586-mingw32msvc-strip
ac_cv_prog_cc_c89=
ac_cv_prog_cc_g=yes
ac_cv_prog_cc_i586_mingw32msvc_gcc_c_o=yes
ac_cv_prog_cxx_g=yes
ac_cv_prog_f77_g=no
ac_cv_prog_make_make_set=yes
ac_cv_target=i586-pc-mingw32msvc
ac_cv_type_signal=void
am_cv_CC_dependencies_compiler_type=gcc3
am_cv_CXX_dependencies_compiler_type=gcc3
am_cv_OBJC_dependencies_compiler_type=none
lt_cv_deplibs_check_method='file_magic file format pei*-i386(.*architecture: i386)?'
lt_cv_file_magic_cmd='$OBJDUMP -f'
lt_cv_file_magic_test_file=
lt_cv_ld_reload_flag=-r
lt_cv_objdir=.libs
lt_cv_path_LD=/usr/i586-mingw32msvc/bin/ld
lt_cv_path_LDCXX=/usr/i586-mingw32msvc/bin/ld
lt_cv_path_NM='/usr/bin/i586-mingw32msvc-nm -B'
lt_cv_path_SED=/bin/sed
lt_cv_prog_compiler_c_o=yes
lt_cv_prog_compiler_c_o_CXX=yes
lt_cv_prog_compiler_rtti_exceptions=no
lt_cv_prog_gnu_ld=yes
lt_cv_prog_gnu_ldcxx=yes
lt_cv_sys_global_symbol_pipe='sed -n -e '\''s/^.*[ 	]\([ABCDGIRSTW][ABCDGIRSTW]*\)[ 	][ 	]*_\([_A-Za-z][_A-Za-z0-9]*\)$/\1 _\2 \2/p'\'''
lt_cv_sys_global_symbol_to_c_name_address='sed -n -e '\''s/^: \([^ ]*\) $/  {\"\1\", (lt_ptr) 0},/p'\'' -e '\''s/^[BCDEGRST] \([^ ]*\) \([^ ]*\)$/  {"\2", (lt_ptr) \&\2},/p'\'''
lt_cv_sys_global_symbol_to_cdecl='sed -n -e '\''s/^. .* \(.*\)$/extern int \1;/p'\'''
lt_cv_sys_max_cmd_len=32768
lt_lt_cv_prog_compiler_c_o='"yes"'
lt_lt_cv_prog_compiler_c_o_CXX='"yes"'
lt_lt_cv_sys_global_symbol_pipe='"sed -n -e '\''s/^.*[ 	]\\([ABCDGIRSTW][ABCDGIRSTW]*\\)[ 	][ 	]*_\\([_A-Za-z][_A-Za-z0-9]*\\)\$/\\1 _\\2 \\2/p'\''"'
lt_lt_cv_sys_global_symbol_to_c_name_address='"sed -n -e '\''s/^: \\([^ ]*\\) \$/  {\\\"\\1\\\", (lt_ptr) 0},/p'\'' -e '\''s/^[BCDEGRST] \\([^ ]*\\) \\([^ ]*\\)\$/  {\"\\2\", (lt_ptr) \\&\\2},/p'\''"'
lt_lt_cv_sys_global_symbol_to_cdecl='"sed -n -e '\''s/^. .* \\(.*\\)\$/extern int \\1;/p'\''"'

## ----------------- ##
## Output variables. ##
## ----------------- ##

ACLOCAL='${SHELL} /home/revol/devel/caloric/caloric/autotools/missing --run aclocal-1.9'
AMDEPBACKSLASH='\'
AMDEP_FALSE='#'
AMDEP_TRUE=''
AMTAR='${SHELL} /home/revol/devel/caloric/caloric/autotools/missing --run tar'
AR='i586-mingw32msvc-ar'
AS='i586-mingw32msvc-as'
AUTOCONF='${SHELL} /home/revol/devel/caloric/caloric/autotools/missing --run autoconf'
AUTOHEADER='${SHELL} /home/revol/devel/caloric/caloric/autotools/missing --run autoheader'
AUTOMAKE='${SHELL} /home/revol/devel/caloric/caloric/autotools/missing --run automake-1.9'
AWK='gawk'
CALORIC_LIBS=''
CC='i586-mingw32msvc-gcc'
CCAS='i586-mingw32msvc-gcc'
CCASFLAGS='-g -O2'
CCDEPMODE='depmode=gcc3'
CFLAGS='-g -O2 -g -ggdb -O3 -Wl,--export-dynamic'
CPP='i586-mingw32msvc-gcc -E'
CPPFLAGS=''
CXX='i586-mingw32msvc-g++'
CXXCPP='i586-mingw32msvc-g++ -E'
CXXDEPMODE='depmode=gcc3'
CXXFLAGS='-g -O2'
CYGPATH_W='echo'
DEFS='-DHAVE_CONFIG_H'
DEPDIR='.deps'
DLLTOOL='i586-mingw32msvc-dlltool'
ECHO='echo'
ECHO_C=''
ECHO_N='-n'
ECHO_T=''
EGREP='/bin/grep -E'
EXEEXT='.exe'
F77=''
FFLAGS=''
GETOPT_LIBS=''
GLADE_CFLAGS=''
GLADE_LIBS=''
GREP='/bin/grep'
GTK_CFLAGS=''
GTK_LIBS=''
INSTALL_DATA='${INSTALL} -m 644'
INSTALL_PROGRAM='${INSTALL}'
INSTALL_SCRIPT='${INSTALL}'
INSTALL_STRIP_PROGRAM='${SHELL} $(install_sh) -c -s'
LDFLAGS=''
LIBOBJS=''
LIBS=''
LIBTOOL='$(SHELL) $(top_builddir)/libtool'
LN_S='ln -s'
LTLIBOBJS=''
LT_VERSION='1:0:1'
MAKEINFO='${SHELL} /home/revol/devel/caloric/caloric/autotools/missing --run makeinfo'
MATH_LIBS=' -lm'
OBJC='i586-mingw32msvc-gcc'
OBJCDEPMODE='depmode=none'
OBJCFLAGS=''
OBJDUMP='i586-mingw32msvc-objdump'
OBJEXT='o'
PACKAGE='caloric'
PACKAGE_BUGREPORT=''
PACKAGE_NAME=''
PACKAGE_STRING=''
PACKAGE_TARNAME=''
PACKAGE_VERSION=''
PATH_SEPARATOR=':'
PKG_CONFIG='/usr/bin/pkg-config'
RANLIB='i586-mingw32msvc-ranlib'
SDL_CFLAGS='-I/home/revol/devel/caloric/caloric/../SDL-1.2.13/include'
SDL_CONFIG=''
SDL_LIBS='-L/home/revol/devel/caloric/caloric/../SDL-1.2.13/lib -lmingw32 -lSDLmain -lSDL -mwindows -mconsole'
SET_MAKE=''
SHELL='/bin/sh'
STRIP='i586-mingw32msvc-strip'
VERSION='0.1'
ac_ct_CC=''
ac_ct_CXX=''
ac_ct_F77=''
am__fastdepCC_FALSE='#'
am__fastdepCC_TRUE=''
am__fastdepCXX_FALSE='#'
am__fastdepCXX_TRUE=''
am__fastdepOBJC_FALSE=''
am__fastdepOBJC_TRUE='#'
am__include='include'
am__leading_dot='.'
am__quote=''
am__tar='${AMTAR} chof - "$$tardir"'
am__untar='${AMTAR} xf -'
bindir='${exec_prefix}/bin'
build='i686-pc-linux-gnu'
build_alias=''
build_cpu='i686'
build_os='linux-gnu'
build_vendor='pc'
datadir='${datarootdir}'
datarootdir='${prefix}/share'
docdir='${datarootdir}/doc/${PACKAGE}'
dvidir='${docdir}'
exec_prefix='${prefix}'
host='i586-pc-mingw32msvc'
host_alias='i586-mingw32msvc'
host_cpu='i586'
host_os='mingw32msvc'
host_vendor='pc'
htmldir='${docdir}'
includedir='${prefix}/include'
infodir='${datarootdir}/info'
install_sh='/home/revol/devel/caloric/caloric/autotools/install-sh'
libdir='${exec_prefix}/lib'
libexecdir='${exec_prefix}/libexec'
localedir='${datarootdir}/locale'
localstatedir='${prefix}/var'
mandir='${datarootdir}/man'
mkdir_p='mkdir -p --'
oldincludedir='/usr/include'
pdfdir='${docdir}'
prefix='c:/Program Files/Caloric'
program_transform_name='s,x,x,'
psdir='${docdir}'
sbindir='${exec_prefix}/sbin'
sharedstatedir='${prefix}/com'
sysconfdir='${prefix}/etc'
target='i586-pc-mingw32msvc'
target_alias=''
target_cpu='i586'
target_os='mingw32msvc'
target_vendor='pc'

## ----------- ##
## confdefs.h. ##
## ----------- ##

#define PACKAGE_NAME ""
#define PACKAGE_TARNAME ""
#define PACKAGE_VERSION ""
#define PACKAGE_STRING ""
#define PACKAGE_BUGREPORT ""
#define PACKAGE "caloric"
#define VERSION "0.1"
#define STDC_HEADERS 1
#define HAVE_SYS_TYPES_H 1
#define HAVE_SYS_STAT_H 1
#define HAVE_STDLIB_H 1
#define HAVE_STRING_H 1
#define HAVE_MEMORY_H 1
#define HAVE_STRINGS_H 1
#define HAVE_INTTYPES_H 1
#define HAVE_STDINT_H 1
#define HAVE_UNISTD_H 1
#define RETSIGTYPE void
#define HAVE_STDIO_H 1
#define HAVE_STDARG_H 1
#define HAVE_SIGNAL_H 1
#define HAVE_SYS_PARAM_H 1
#define HAVE_SYS_TIME_H 1
#define HAVE_INTTYPES_H 1
#define HAVE_UNISTD_H 1
#define HAVE_WINSOCK2_H 1
#define HAVE_ERRNO_H 1
#define HAVE_LOCALE_H 1
#define HAVE_GETOPT_H 1
#define HAVE_SIGNAL 1
#define HAVE_VSNPRINTF 1
#define HAVE_GETENV 1
#define HAVE_PUTENV 1
#define HAVE_STRCASECMP 1
#define HAVE_GETOPT_LONG 1
#define HAVE_GETOPT_LONG 1
#define HAVE_SLEEP 1
#define HAVE_SDL 1

configure: exit 0

## ---------------------- ##
## Running config.status. ##
## ---------------------- ##

This file was extended by config.status, which was
generated by GNU Autoconf 2.61.  Invocation command line was

  CONFIG_FILES    = 
  CONFIG_HEADERS  = 
  CONFIG_LINKS    = 
  CONFIG_COMMANDS = 
  $ ./config.status 

on H555

config.status:687: creating Makefile
config.status:687: creating src/Makefile
config.status:687: creating src/caloric.pc
config.status:687: creating config.h
config.status:927: config.h is unchanged
config.status:973: executing depfiles commands

## ---------------------- ##
## Running config.status. ##
## ---------------------- ##

This file was extended by config.status, which was
generated by GNU Autoconf 2.61.  Invocation command line was

  CONFIG_FILES    = 
  CONFIG_HEADERS  = 
  CONFIG_LINKS    = 
  CONFIG_COMMANDS = 
  $ ./config.status config.h

on H555

config.status:687: creating config.h
