[revol@H555 ~/devel/caloric/caloric]$ patch -p0 < caloric.sdlaudio.diff.001.txt
patching file src/sdl.c
Reversed (or previously applied) patch detected!  Assume -R? [n]
Apply anyway? [n] y
Hunk #1 FAILED at 26.
Hunk #2 succeeded at 40 (offset 2 lines).
Hunk #3 FAILED at 59.
2 out of 3 hunks FAILED -- saving rejects to file src/sdl.c.rej
patching file src/host.c
Hunk #1 FAILED at 387.
Hunk #2 succeeded at 437 (offset 8 lines).
1 out of 2 hunks FAILED -- saving rejects to file src/host.c.rej
patching file src/dsp.c
Hunk #1 FAILED at 30.
Hunk #2 succeeded at 43 (offset 2 lines).
Hunk #3 succeeded at 53 (offset 2 lines).
Hunk #4 succeeded at 74 (offset 2 lines).
Hunk #5 succeeded at 91 (offset 2 lines).
Hunk #6 FAILED at 170.
Hunk #7 succeeded at 180 with fuzz 2 (offset 4 lines).
Hunk #8 succeeded at 190 (offset 4 lines).
Hunk #9 succeeded at 335 (offset 4 lines).
2 out of 9 hunks FAILED -- saving rejects to file src/dsp.c.rej
patching file src/dsp.h

